[debug] [2026-04-05T17:40:25.273Z] ----------------------------------------------------------------------
[debug] [2026-04-05T17:40:25.309Z] Command:       C:\Program Files\nodejs\node.exe C:\Users\Dell\AppData\Roaming\npm\node_modules\firebase-tools\lib\bin\firebase.js deploy
[debug] [2026-04-05T17:40:25.310Z] CLI Version:   15.7.0
[debug] [2026-04-05T17:40:25.310Z] Platform:      win32
[debug] [2026-04-05T17:40:25.311Z] Node Version:  v24.12.0
[debug] [2026-04-05T17:40:25.311Z] Time:          Sun Apr 05 2026 19:40:25 GMT+0200 (czas środkowoeuropejski letni)
[debug] [2026-04-05T17:40:25.312Z] ----------------------------------------------------------------------
[debug] 
[debug] [2026-04-05T17:40:25.318Z] >>> [apiv2][query] GET https://firebase-public.firebaseio.com/cli.json [none]
[debug] [2026-04-05T17:40:35.039Z] > command requires scopes: ["email","openid","https://www.googleapis.com/auth/cloudplatformprojects.readonly","https://www.googleapis.com/auth/firebase","https://www.googleapis.com/auth/cloud-platform"]
[debug] [2026-04-05T17:40:35.040Z] > authorizing via signed-in user (hello@ecm-digital.com)
[debug] [2026-04-05T17:40:35.040Z] [iam] checking project bikevision-96319 for permissions ["datastore.indexes.create","datastore.indexes.delete","datastore.indexes.list","datastore.indexes.update","firebase.projects.get","firebasehosting.sites.update"]
[debug] [2026-04-05T17:40:35.043Z] Checked if tokens are valid: false, expires at: 1775308150385
[debug] [2026-04-05T17:40:35.043Z] Checked if tokens are valid: false, expires at: 1775308150385
[debug] [2026-04-05T17:40:35.044Z] > refreshing access token with scopes: []
[debug] [2026-04-05T17:40:35.047Z] >>> [apiv2][query] POST https://www.googleapis.com/oauth2/v3/token [none]
[debug] [2026-04-05T17:40:35.047Z] >>> [apiv2][body] POST https://www.googleapis.com/oauth2/v3/token [omitted]
[debug] [2026-04-05T17:40:35.296Z] <<< [apiv2][status] POST https://www.googleapis.com/oauth2/v3/token 400
[debug] [2026-04-05T17:40:35.296Z] <<< [apiv2][body] POST https://www.googleapis.com/oauth2/v3/token [omitted]
[error] Authentication Error: Your credentials are no longer valid. Please run firebase login --reauth

For CI servers and headless environments, generate a new token with firebase login:ci
[error] Authentication Error: Your credentials are no longer valid. Please run firebase login --reauth

For CI servers and headless environments, generate a new token with firebase login:ci
[debug] [2026-04-05T17:40:35.298Z] [iam] error while checking permissions, command may fail: Authentication Error: Your credentials are no longer valid. Please run firebase login --reauth

For CI servers and headless environments, generate a new token with firebase login:ci
[debug] [2026-04-05T17:40:35.299Z] Checked if tokens are valid: false, expires at: 1775308150385
[debug] [2026-04-05T17:40:35.299Z] Checked if tokens are valid: false, expires at: 1775308150385
[debug] [2026-04-05T17:40:35.299Z] > refreshing access token with scopes: []
[debug] [2026-04-05T17:40:35.300Z] >>> [apiv2][query] POST https://www.googleapis.com/oauth2/v3/token [none]
[debug] [2026-04-05T17:40:35.300Z] >>> [apiv2][body] POST https://www.googleapis.com/oauth2/v3/token [omitted]
[debug] [2026-04-05T17:40:35.382Z] <<< [apiv2][status] POST https://www.googleapis.com/oauth2/v3/token 400
[debug] [2026-04-05T17:40:35.382Z] <<< [apiv2][body] POST https://www.googleapis.com/oauth2/v3/token [omitted]
[error] Authentication Error: Your credentials are no longer valid. Please run firebase login --reauth

For CI servers and headless environments, generate a new token with firebase login:ci
[error] Authentication Error: Your credentials are no longer valid. Please run firebase login --reauth

For CI servers and headless environments, generate a new token with firebase login:ci
[debug] [2026-04-05T17:40:35.383Z] Authentication Error: Your credentials are no longer valid. Please run firebase login --reauth

For CI servers and headless environments, generate a new token with firebase login:ci
[debug] [2026-04-05T17:40:35.424Z] <<< [apiv2][status] GET https://firebase-public.firebaseio.com/cli.json 200
[debug] [2026-04-05T17:40:35.425Z] <<< [apiv2][body] GET https://firebase-public.firebaseio.com/cli.json {"cloudBuildErrorAfter":1594252800000,"cloudBuildWarnAfter":1590019200000,"defaultNode10After":1594252800000,"minVersion":"3.0.5","node8DeploysDisabledAfter":1613390400000,"node8RuntimeDisabledAfter":1615809600000,"node8WarnAfter":1600128000000}
[error] 
[error] Error: Assertion failed: resolving hosting target of a site with no site name or target name. This should have caused an error earlier
